2022-06-23 00:04:54,116 [INFO] [main] com.seed.SeedApplication [StartupInfoLogger.java : 55] Starting SeedApplication using Java 1.8.0_311 on DESKTOP-310QJ1V with PID 20688 (D:\Project\ideaProject\seed\target\classes started by 34424 in D:\Project\ideaProject\seed)
2022-06-23 00:04:54,127 [INFO] [main] com.seed.SeedApplication [SpringApplication.java : 663] The following profiles are active: test
2022-06-23 00:04:55,300 [INFO] [main] o.s.data.repository.config.RepositoryConfigurationDelegate [RepositoryConfigurationDelegate.java : 262] Multiple Spring Data modules found, entering strict repository configuration mode!
2022-06-23 00:04:55,303 [INFO] [main] o.s.data.repository.config.RepositoryConfigurationDelegate [RepositoryConfigurationDelegate.java : 132] Bootstrapping Spring Data Redis repositories in DEFAULT mode.
2022-06-23 00:04:55,344 [INFO] [main] o.s.data.repository.config.RepositoryConfigurationDelegate [RepositoryConfigurationDelegate.java : 201] Finished Spring Data repository scanning in 13 ms. Found 0 Redis repository interfaces.
2022-06-23 00:04:56,051 [INFO] [main] org.springframework.boot.web.embedded.tomcat.TomcatWebServer [TomcatWebServer.java : 108] Tomcat initialized with port(s): 8088 (http)
2022-06-23 00:04:56,061 [INFO] [main] org.apache.catalina.core.StandardService [DirectJDKLog.java : 173] Starting service [Tomcat]
2022-06-23 00:04:56,062 [INFO] [main] org.apache.catalina.core.StandardEngine [DirectJDKLog.java : 173] Starting Servlet engine: [Apache Tomcat/9.0.52]
2022-06-23 00:04:56,206 [INFO] [main] o.a.catalina.core.ContainerBase.[Tomcat].[localhost].[/] [DirectJDKLog.java : 173] Initializing Spring embedded WebApplicationContext
2022-06-23 00:04:56,206 [INFO] [main] o.s.b.web.servlet.context.ServletWebServerApplicationContext [ServletWebServerApplicationContext.java : 290] Root WebApplicationContext: initialization completed in 1974 ms
2022-06-23 00:04:56,361 [INFO] [main] c.a.d.spring.boot.autoconfigure.DruidDataSourceAutoConfigure [DruidDataSourceAutoConfigure.java : 56] Init DruidDataSource
2022-06-23 00:04:56,496 [INFO] [main] com.alibaba.druid.pool.DruidDataSource [DruidDataSource.java : 998] {dataSource-1} inited
2022-06-23 00:04:57,030 [INFO] [main] o.s.boot.autoconfigure.web.servlet.WelcomePageHandlerMapping [WelcomePageHandlerMapping.java : 57] Adding welcome page template: index
2022-06-23 00:04:57,057 [WARN] [main] o.s.web.servlet.resource.ResourceHttpRequestHandler [ResourceHttpRequestHandler.java : 392] Locations list is empty. No resources will be served unless a custom ResourceResolver is configured as an alternative to PathResourceResolver.
2022-06-23 00:04:57,750 [INFO] [main] org.springframework.boot.web.embedded.tomcat.TomcatWebServer [TomcatWebServer.java : 220] Tomcat started on port(s): 8088 (http) with context path ''
2022-06-23 00:04:57,765 [INFO] [main] com.seed.SeedApplication [StartupInfoLogger.java : 61] Started SeedApplication in 4.668 seconds (JVM running for 6.958)
2022-06-23 00:05:05,899 [INFO] [http-nio-8088-exec-1] o.a.catalina.core.ContainerBase.[Tomcat].[localhost].[/] [DirectJDKLog.java : 173] Initializing Spring DispatcherServlet 'dispatcherServlet'
2022-06-23 00:05:05,900 [INFO] [http-nio-8088-exec-1] org.springframework.web.servlet.DispatcherServlet [FrameworkServlet.java : 525] Initializing Servlet 'dispatcherServlet'
2022-06-23 00:05:05,902 [INFO] [http-nio-8088-exec-1] org.springframework.web.servlet.DispatcherServlet [FrameworkServlet.java : 547] Completed initialization in 2 ms
2022-06-23 00:05:05,974 [DEBUG] [http-nio-8088-exec-1] com.seed.dao.UserDao [LoggingCache.java : 60] Cache Hit Ratio [com.seed.dao.UserDao]: 0.0
2022-06-23 00:05:06,120 [DEBUG] [http-nio-8088-exec-1] com.seed.dao.UserDao.userLogin [BaseJdbcLogger.java : 137] ==>  Preparing: select * from user where name = ? and password = ?;
2022-06-23 00:05:06,154 [DEBUG] [http-nio-8088-exec-1] com.seed.dao.UserDao.userLogin [BaseJdbcLogger.java : 137] ==> Parameters: 万叶(String), WY20030125(String)
2022-06-23 00:05:06,181 [DEBUG] [http-nio-8088-exec-1] com.seed.dao.UserDao.userLogin [BaseJdbcLogger.java : 137] <==      Total: 1
2022-06-23 00:05:29,000 [DEBUG] [http-nio-8088-exec-2] com.seed.dao.ArticleDao [LoggingCache.java : 60] Cache Hit Ratio [com.seed.dao.ArticleDao]: 0.0
2022-06-23 00:05:29,001 [DEBUG] [http-nio-8088-exec-2] com.seed.dao.ArticleDao.getArticleList [BaseJdbcLogger.java : 137] ==>  Preparing: SELECT * FROM `article`
2022-06-23 00:05:29,002 [DEBUG] [http-nio-8088-exec-2] com.seed.dao.ArticleDao.getArticleList [BaseJdbcLogger.java : 137] ==> Parameters: 
2022-06-23 00:05:29,006 [DEBUG] [http-nio-8088-exec-2] com.seed.dao.ArticleDao.getArticleList [BaseJdbcLogger.java : 137] <==      Total: 2
2022-06-23 00:05:29,007 [DEBUG] [http-nio-8088-exec-2] com.seed.dao.ArticleDao [LoggingCache.java : 60] Cache Hit Ratio [com.seed.dao.ArticleDao]: 0.0
2022-06-23 00:05:29,008 [DEBUG] [http-nio-8088-exec-2] com.seed.dao.ArticleDao.getAllArticleKind [BaseJdbcLogger.java : 137] ==>  Preparing: select * from article_kind where iseffective=1;
2022-06-23 00:05:29,009 [DEBUG] [http-nio-8088-exec-2] com.seed.dao.ArticleDao.getAllArticleKind [BaseJdbcLogger.java : 137] ==> Parameters: 
2022-06-23 00:05:29,011 [DEBUG] [http-nio-8088-exec-2] com.seed.dao.ArticleDao.getAllArticleKind [BaseJdbcLogger.java : 137] <==      Total: 5
2022-06-23 00:05:29,027 [ERROR] [http-nio-8088-exec-2] o.a.c.c.C.[Tomcat].[localhost].[/].[dispatcherServlet] [DirectJDKLog.java : 175] Servlet.service() for servlet [dispatcherServlet] in context with path [] threw exception [Request processing failed; nested exception is org.apache.ibatis.cache.CacheException: Error serializing object.  Cause: java.io.NotSerializableException: com.seed.entity.ArticleKind] with root cause
java.io.NotSerializableException: com.seed.entity.ArticleKind
	at java.io.ObjectOutputStream.writeObject0(ObjectOutputStream.java:1184)
	at java.io.ObjectOutputStream.writeObject(ObjectOutputStream.java:348)
	at java.util.ArrayList.writeObject(ArrayList.java:768)
	at sun.reflect.NativeMethodAccessorImpl.invoke0(Native Method)
	at sun.reflect.NativeMethodAccessorImpl.invoke(NativeMethodAccessorImpl.java:62)
	at sun.reflect.DelegatingMethodAccessorImpl.invoke(DelegatingMethodAccessorImpl.java:43)
	at java.lang.reflect.Method.invoke(Method.java:498)
	at java.io.ObjectStreamClass.invokeWriteObject(ObjectStreamClass.java:1155)
	at java.io.ObjectOutputStream.writeSerialData(ObjectOutputStream.java:1496)
	at java.io.ObjectOutputStream.writeOrdinaryObject(ObjectOutputStream.java:1432)
	at java.io.ObjectOutputStream.writeObject0(ObjectOutputStream.java:1178)
	at java.io.ObjectOutputStream.writeObject(ObjectOutputStream.java:348)
	at org.apache.ibatis.cache.decorators.SerializedCache.serialize(SerializedCache.java:90)
	at org.apache.ibatis.cache.decorators.SerializedCache.putObject(SerializedCache.java:55)
	at org.apache.ibatis.cache.decorators.LoggingCache.putObject(LoggingCache.java:49)
	at org.apache.ibatis.cache.decorators.SynchronizedCache.putObject(SynchronizedCache.java:43)
	at org.apache.ibatis.cache.decorators.TransactionalCache.flushPendingEntries(TransactionalCache.java:116)
	at org.apache.ibatis.cache.decorators.TransactionalCache.commit(TransactionalCache.java:99)
	at org.apache.ibatis.cache.TransactionalCacheManager.commit(TransactionalCacheManager.java:44)
	at org.apache.ibatis.executor.CachingExecutor.close(CachingExecutor.java:61)
	at org.apache.ibatis.session.defaults.DefaultSqlSession.close(DefaultSqlSession.java:263)
	at org.mybatis.spring.SqlSessionUtils.closeSqlSession(SqlSessionUtils.java:195)
	at org.mybatis.spring.SqlSessionTemplate$SqlSessionInterceptor.invoke(SqlSessionTemplate.java:448)
	at com.sun.proxy.$Proxy62.selectList(Unknown Source)
	at org.mybatis.spring.SqlSessionTemplate.selectList(SqlSessionTemplate.java:223)
	at org.apache.ibatis.binding.MapperMethod.executeForMany(MapperMethod.java:147)
	at org.apache.ibatis.binding.MapperMethod.execute(MapperMethod.java:80)
	at org.apache.ibatis.binding.MapperProxy$PlainMethodInvoker.invoke(MapperProxy.java:152)
	at org.apache.ibatis.binding.MapperProxy.invoke(MapperProxy.java:85)
	at com.sun.proxy.$Proxy63.getAllArticleKind(Unknown Source)
	at com.seed.controller.UserController.test2(UserController.java:104)
	at sun.reflect.NativeMethodAccessorImpl.invoke0(Native Method)
	at sun.reflect.NativeMethodAccessorImpl.invoke(NativeMethodAccessorImpl.java:62)
	at sun.reflect.DelegatingMethodAccessorImpl.invoke(DelegatingMethodAccessorImpl.java:43)
	at java.lang.reflect.Method.invoke(Method.java:498)
	at org.springframework.web.method.support.InvocableHandlerMethod.doInvoke(InvocableHandlerMethod.java:197)
	at org.springframework.web.method.support.InvocableHandlerMethod.invokeForRequest(InvocableHandlerMethod.java:141)
	at org.springframework.web.servlet.mvc.method.annotation.ServletInvocableHandlerMethod.invokeAndHandle(ServletInvocableHandlerMethod.java:106)
	at org.springframework.web.servlet.mvc.method.annotation.RequestMappingHandlerAdapter.invokeHandlerMethod(RequestMappingHandlerAdapter.java:895)
	at org.springframework.web.servlet.mvc.method.annotation.RequestMappingHandlerAdapter.handleInternal(RequestMappingHandlerAdapter.java:808)
	at org.springframework.web.servlet.mvc.method.AbstractHandlerMethodAdapter.handle(AbstractHandlerMethodAdapter.java:87)
	at org.springframework.web.servlet.DispatcherServlet.doDispatch(DispatcherServlet.java:1064)
	at org.springframework.web.servlet.DispatcherServlet.doService(DispatcherServlet.java:963)
	at org.springframework.web.servlet.FrameworkServlet.processRequest(FrameworkServlet.java:1006)
	at org.springframework.web.servlet.FrameworkServlet.doGet(FrameworkServlet.java:898)
	at javax.servlet.http.HttpServlet.service(HttpServlet.java:655)
	at org.springframework.web.servlet.FrameworkServlet.service(FrameworkServlet.java:883)
	at javax.servlet.http.HttpServlet.service(HttpServlet.java:764)
	at org.apache.catalina.core.ApplicationFilterChain.internalDoFilter(ApplicationFilterChain.java:227)
	at org.apache.catalina.core.ApplicationFilterChain.doFilter(ApplicationFilterChain.java:162)
	at org.apache.tomcat.websocket.server.WsFilter.doFilter(WsFilter.java:53)
	at org.apache.catalina.core.ApplicationFilterChain.internalDoFilter(ApplicationFilterChain.java:189)
	at org.apache.catalina.core.ApplicationFilterChain.doFilter(ApplicationFilterChain.java:162)
	at org.springframework.web.filter.RequestContextFilter.doFilterInternal(RequestContextFilter.java:100)
	at org.springframework.web.filter.OncePerRequestFilter.doFilter(OncePerRequestFilter.java:119)
	at org.apache.catalina.core.ApplicationFilterChain.internalDoFilter(ApplicationFilterChain.java:189)
	at org.apache.catalina.core.ApplicationFilterChain.doFilter(ApplicationFilterChain.java:162)
	at org.springframework.web.filter.FormContentFilter.doFilterInternal(FormContentFilter.java:93)
	at org.springframework.web.filter.OncePerRequestFilter.doFilter(OncePerRequestFilter.java:119)
	at org.apache.catalina.core.ApplicationFilterChain.internalDoFilter(ApplicationFilterChain.java:189)
	at org.apache.catalina.core.ApplicationFilterChain.doFilter(ApplicationFilterChain.java:162)
	at org.springframework.web.filter.CharacterEncodingFilter.doFilterInternal(CharacterEncodingFilter.java:201)
	at org.springframework.web.filter.OncePerRequestFilter.doFilter(OncePerRequestFilter.java:119)
	at org.apache.catalina.core.ApplicationFilterChain.internalDoFilter(ApplicationFilterChain.java:189)
	at org.apache.catalina.core.ApplicationFilterChain.doFilter(ApplicationFilterChain.java:162)
	at org.apache.catalina.core.StandardWrapperValve.invoke(StandardWrapperValve.java:197)
	at org.apache.catalina.core.StandardContextValve.invoke(StandardContextValve.java:97)
	at org.apache.catalina.authenticator.AuthenticatorBase.invoke(AuthenticatorBase.java:542)
	at org.apache.catalina.core.StandardHostValve.invoke(StandardHostValve.java:135)
	at org.apache.catalina.valves.ErrorReportValve.invoke(ErrorReportValve.java:92)
	at org.apache.catalina.core.StandardEngineValve.invoke(StandardEngineValve.java:78)
	at org.apache.catalina.connector.CoyoteAdapter.service(CoyoteAdapter.java:357)
	at org.apache.coyote.http11.Http11Processor.service(Http11Processor.java:382)
	at org.apache.coyote.AbstractProcessorLight.process(AbstractProcessorLight.java:65)
	at org.apache.coyote.AbstractProtocol$ConnectionHandler.process(AbstractProtocol.java:893)
	at org.apache.tomcat.util.net.NioEndpoint$SocketProcessor.doRun(NioEndpoint.java:1726)
	at org.apache.tomcat.util.net.SocketProcessorBase.run(SocketProcessorBase.java:49)
	at org.apache.tomcat.util.threads.ThreadPoolExecutor.runWorker(ThreadPoolExecutor.java:1191)
	at org.apache.tomcat.util.threads.ThreadPoolExecutor$Worker.run(ThreadPoolExecutor.java:659)
	at org.apache.tomcat.util.threads.TaskThread$WrappingRunnable.run(TaskThread.java:61)
	at java.lang.Thread.run(Thread.java:748)
2022-06-23 00:06:34,021 [INFO] [SpringApplicationShutdownHook] com.alibaba.druid.pool.DruidDataSource [DruidDataSource.java : 2071] {dataSource-1} closing ...
2022-06-23 00:06:34,029 [INFO] [SpringApplicationShutdownHook] com.alibaba.druid.pool.DruidDataSource [DruidDataSource.java : 2144] {dataSource-1} closed
2022-06-23 00:06:44,858 [INFO] [main] com.seed.SeedApplication [StartupInfoLogger.java : 55] Starting SeedApplication using Java 1.8.0_311 on DESKTOP-310QJ1V with PID 13800 (D:\Project\ideaProject\seed\target\classes started by 34424 in D:\Project\ideaProject\seed)
2022-06-23 00:06:44,865 [INFO] [main] com.seed.SeedApplication [SpringApplication.java : 663] The following profiles are active: test
2022-06-23 00:06:45,986 [INFO] [main] o.s.data.repository.config.RepositoryConfigurationDelegate [RepositoryConfigurationDelegate.java : 262] Multiple Spring Data modules found, entering strict repository configuration mode!
2022-06-23 00:06:45,989 [INFO] [main] o.s.data.repository.config.RepositoryConfigurationDelegate [RepositoryConfigurationDelegate.java : 132] Bootstrapping Spring Data Redis repositories in DEFAULT mode.
2022-06-23 00:06:46,022 [INFO] [main] o.s.data.repository.config.RepositoryConfigurationDelegate [RepositoryConfigurationDelegate.java : 201] Finished Spring Data repository scanning in 13 ms. Found 0 Redis repository interfaces.
2022-06-23 00:06:46,755 [INFO] [main] org.springframework.boot.web.embedded.tomcat.TomcatWebServer [TomcatWebServer.java : 108] Tomcat initialized with port(s): 8088 (http)
2022-06-23 00:06:46,766 [INFO] [main] org.apache.catalina.core.StandardService [DirectJDKLog.java : 173] Starting service [Tomcat]
2022-06-23 00:06:46,766 [INFO] [main] org.apache.catalina.core.StandardEngine [DirectJDKLog.java : 173] Starting Servlet engine: [Apache Tomcat/9.0.52]
2022-06-23 00:06:46,943 [INFO] [main] o.a.catalina.core.ContainerBase.[Tomcat].[localhost].[/] [DirectJDKLog.java : 173] Initializing Spring embedded WebApplicationContext
2022-06-23 00:06:46,943 [INFO] [main] o.s.b.web.servlet.context.ServletWebServerApplicationContext [ServletWebServerApplicationContext.java : 290] Root WebApplicationContext: initialization completed in 1940 ms
2022-06-23 00:06:47,108 [INFO] [main] c.a.d.spring.boot.autoconfigure.DruidDataSourceAutoConfigure [DruidDataSourceAutoConfigure.java : 56] Init DruidDataSource
2022-06-23 00:06:47,213 [INFO] [main] com.alibaba.druid.pool.DruidDataSource [DruidDataSource.java : 998] {dataSource-1} inited
2022-06-23 00:06:47,711 [INFO] [main] o.s.boot.autoconfigure.web.servlet.WelcomePageHandlerMapping [WelcomePageHandlerMapping.java : 57] Adding welcome page template: index
2022-06-23 00:06:47,737 [WARN] [main] o.s.web.servlet.resource.ResourceHttpRequestHandler [ResourceHttpRequestHandler.java : 392] Locations list is empty. No resources will be served unless a custom ResourceResolver is configured as an alternative to PathResourceResolver.
2022-06-23 00:06:48,463 [INFO] [main] org.springframework.boot.web.embedded.tomcat.TomcatWebServer [TomcatWebServer.java : 220] Tomcat started on port(s): 8088 (http) with context path ''
2022-06-23 00:06:48,476 [INFO] [main] com.seed.SeedApplication [StartupInfoLogger.java : 61] Started SeedApplication in 4.6 seconds (JVM running for 7.662)
2022-06-23 00:06:57,680 [INFO] [http-nio-8088-exec-1] o.a.catalina.core.ContainerBase.[Tomcat].[localhost].[/] [DirectJDKLog.java : 173] Initializing Spring DispatcherServlet 'dispatcherServlet'
2022-06-23 00:06:57,681 [INFO] [http-nio-8088-exec-1] org.springframework.web.servlet.DispatcherServlet [FrameworkServlet.java : 525] Initializing Servlet 'dispatcherServlet'
2022-06-23 00:06:57,683 [INFO] [http-nio-8088-exec-1] org.springframework.web.servlet.DispatcherServlet [FrameworkServlet.java : 547] Completed initialization in 1 ms
2022-06-23 00:06:57,754 [DEBUG] [http-nio-8088-exec-1] com.seed.dao.UserDao [LoggingCache.java : 60] Cache Hit Ratio [com.seed.dao.UserDao]: 0.0
2022-06-23 00:06:57,891 [DEBUG] [http-nio-8088-exec-1] com.seed.dao.UserDao.userLogin [BaseJdbcLogger.java : 137] ==>  Preparing: select * from user where name = ? and password = ?;
2022-06-23 00:06:57,929 [DEBUG] [http-nio-8088-exec-1] com.seed.dao.UserDao.userLogin [BaseJdbcLogger.java : 137] ==> Parameters: 万叶(String), WY20030125(String)
2022-06-23 00:06:57,961 [DEBUG] [http-nio-8088-exec-1] com.seed.dao.UserDao.userLogin [BaseJdbcLogger.java : 137] <==      Total: 1
2022-06-23 00:07:03,800 [DEBUG] [http-nio-8088-exec-2] com.seed.dao.ArticleDao [LoggingCache.java : 60] Cache Hit Ratio [com.seed.dao.ArticleDao]: 0.0
2022-06-23 00:07:03,801 [DEBUG] [http-nio-8088-exec-2] com.seed.dao.ArticleDao.getArticleList [BaseJdbcLogger.java : 137] ==>  Preparing: SELECT * FROM `article`
2022-06-23 00:07:03,802 [DEBUG] [http-nio-8088-exec-2] com.seed.dao.ArticleDao.getArticleList [BaseJdbcLogger.java : 137] ==> Parameters: 
2022-06-23 00:07:03,808 [DEBUG] [http-nio-8088-exec-2] com.seed.dao.ArticleDao.getArticleList [BaseJdbcLogger.java : 137] <==      Total: 2
2022-06-23 00:07:03,810 [DEBUG] [http-nio-8088-exec-2] com.seed.dao.ArticleDao [LoggingCache.java : 60] Cache Hit Ratio [com.seed.dao.ArticleDao]: 0.0
2022-06-23 00:07:03,811 [DEBUG] [http-nio-8088-exec-2] com.seed.dao.ArticleDao.getAllArticleKind [BaseJdbcLogger.java : 137] ==>  Preparing: select * from article_kind where iseffective=1;
2022-06-23 00:07:03,812 [DEBUG] [http-nio-8088-exec-2] com.seed.dao.ArticleDao.getAllArticleKind [BaseJdbcLogger.java : 137] ==> Parameters: 
2022-06-23 00:07:03,814 [DEBUG] [http-nio-8088-exec-2] com.seed.dao.ArticleDao.getAllArticleKind [BaseJdbcLogger.java : 137] <==      Total: 5
2022-06-23 00:07:03,816 [DEBUG] [http-nio-8088-exec-2] com.seed.dao.UserDao [LoggingCache.java : 60] Cache Hit Ratio [com.seed.dao.UserDao]: 0.0
2022-06-23 00:07:03,817 [DEBUG] [http-nio-8088-exec-2] com.seed.dao.UserDao.userGetById [BaseJdbcLogger.java : 137] ==>  Preparing: select * from user where uid = ?;
2022-06-23 00:07:03,818 [DEBUG] [http-nio-8088-exec-2] com.seed.dao.UserDao.userGetById [BaseJdbcLogger.java : 137] ==> Parameters: 10000(String)
2022-06-23 00:07:03,821 [DEBUG] [http-nio-8088-exec-2] com.seed.dao.UserDao.userGetById [BaseJdbcLogger.java : 137] <==      Total: 1
2022-06-23 00:07:19,521 [DEBUG] [http-nio-8088-exec-3] com.seed.dao.ArticleDao [LoggingCache.java : 60] Cache Hit Ratio [com.seed.dao.ArticleDao]: 0.3333333333333333
2022-06-23 00:07:19,523 [DEBUG] [http-nio-8088-exec-3] com.seed.dao.ArticleDao [LoggingCache.java : 60] Cache Hit Ratio [com.seed.dao.ArticleDao]: 0.5
2022-06-23 00:07:19,525 [DEBUG] [http-nio-8088-exec-3] com.seed.dao.UserDao [LoggingCache.java : 60] Cache Hit Ratio [com.seed.dao.UserDao]: 0.3333333333333333
2022-06-23 00:09:31,021 [INFO] [SpringApplicationShutdownHook] com.alibaba.druid.pool.DruidDataSource [DruidDataSource.java : 2071] {dataSource-1} closing ...
2022-06-23 00:09:31,028 [INFO] [SpringApplicationShutdownHook] com.alibaba.druid.pool.DruidDataSource [DruidDataSource.java : 2144] {dataSource-1} closed
2022-06-23 00:09:41,734 [INFO] [main] com.seed.SeedApplication [StartupInfoLogger.java : 55] Starting SeedApplication using Java 1.8.0_311 on DESKTOP-310QJ1V with PID 26920 (D:\Project\ideaProject\seed\target\classes started by 34424 in D:\Project\ideaProject\seed)
2022-06-23 00:09:41,745 [INFO] [main] com.seed.SeedApplication [SpringApplication.java : 663] The following profiles are active: test
2022-06-23 00:09:43,004 [INFO] [main] o.s.data.repository.config.RepositoryConfigurationDelegate [RepositoryConfigurationDelegate.java : 262] Multiple Spring Data modules found, entering strict repository configuration mode!
2022-06-23 00:09:43,008 [INFO] [main] o.s.data.repository.config.RepositoryConfigurationDelegate [RepositoryConfigurationDelegate.java : 132] Bootstrapping Spring Data Redis repositories in DEFAULT mode.
2022-06-23 00:09:43,044 [INFO] [main] o.s.data.repository.config.RepositoryConfigurationDelegate [RepositoryConfigurationDelegate.java : 201] Finished Spring Data repository scanning in 14 ms. Found 0 Redis repository interfaces.
2022-06-23 00:09:43,792 [INFO] [main] org.springframework.boot.web.embedded.tomcat.TomcatWebServer [TomcatWebServer.java : 108] Tomcat initialized with port(s): 8088 (http)
2022-06-23 00:09:43,804 [INFO] [main] org.apache.catalina.core.StandardService [DirectJDKLog.java : 173] Starting service [Tomcat]
2022-06-23 00:09:43,805 [INFO] [main] org.apache.catalina.core.StandardEngine [DirectJDKLog.java : 173] Starting Servlet engine: [Apache Tomcat/9.0.52]
2022-06-23 00:09:43,966 [INFO] [main] o.a.catalina.core.ContainerBase.[Tomcat].[localhost].[/] [DirectJDKLog.java : 173] Initializing Spring embedded WebApplicationContext
2022-06-23 00:09:43,967 [INFO] [main] o.s.b.web.servlet.context.ServletWebServerApplicationContext [ServletWebServerApplicationContext.java : 290] Root WebApplicationContext: initialization completed in 2078 ms
2022-06-23 00:09:44,129 [INFO] [main] c.a.d.spring.boot.autoconfigure.DruidDataSourceAutoConfigure [DruidDataSourceAutoConfigure.java : 56] Init DruidDataSource
2022-06-23 00:09:44,253 [INFO] [main] com.alibaba.druid.pool.DruidDataSource [DruidDataSource.java : 998] {dataSource-1} inited
2022-06-23 00:09:44,803 [INFO] [main] o.s.boot.autoconfigure.web.servlet.WelcomePageHandlerMapping [WelcomePageHandlerMapping.java : 57] Adding welcome page template: index
2022-06-23 00:09:44,842 [WARN] [main] o.s.web.servlet.resource.ResourceHttpRequestHandler [ResourceHttpRequestHandler.java : 392] Locations list is empty. No resources will be served unless a custom ResourceResolver is configured as an alternative to PathResourceResolver.
2022-06-23 00:09:45,583 [INFO] [main] org.springframework.boot.web.embedded.tomcat.TomcatWebServer [TomcatWebServer.java : 220] Tomcat started on port(s): 8088 (http) with context path ''
2022-06-23 00:09:45,600 [INFO] [main] com.seed.SeedApplication [StartupInfoLogger.java : 61] Started SeedApplication in 4.861 seconds (JVM running for 9.129)
2022-06-23 00:09:45,669 [INFO] [http-nio-8088-exec-1] o.a.catalina.core.ContainerBase.[Tomcat].[localhost].[/] [DirectJDKLog.java : 173] Initializing Spring DispatcherServlet 'dispatcherServlet'
2022-06-23 00:09:45,669 [INFO] [http-nio-8088-exec-1] org.springframework.web.servlet.DispatcherServlet [FrameworkServlet.java : 525] Initializing Servlet 'dispatcherServlet'
2022-06-23 00:09:45,671 [INFO] [http-nio-8088-exec-1] org.springframework.web.servlet.DispatcherServlet [FrameworkServlet.java : 547] Completed initialization in 1 ms
2022-06-23 00:10:02,321 [DEBUG] [http-nio-8088-exec-3] com.seed.dao.UserDao [LoggingCache.java : 60] Cache Hit Ratio [com.seed.dao.UserDao]: 0.0
2022-06-23 00:10:02,474 [DEBUG] [http-nio-8088-exec-3] com.seed.dao.UserDao.userLogin [BaseJdbcLogger.java : 137] ==>  Preparing: select * from user where name = ? and password = ?;
2022-06-23 00:10:02,509 [DEBUG] [http-nio-8088-exec-3] com.seed.dao.UserDao.userLogin [BaseJdbcLogger.java : 137] ==> Parameters: 万叶(String), WY20030125(String)
2022-06-23 00:10:02,541 [DEBUG] [http-nio-8088-exec-3] com.seed.dao.UserDao.userLogin [BaseJdbcLogger.java : 137] <==      Total: 1
2022-06-23 00:10:03,961 [DEBUG] [http-nio-8088-exec-4] com.seed.dao.ArticleDao [LoggingCache.java : 60] Cache Hit Ratio [com.seed.dao.ArticleDao]: 0.0
2022-06-23 00:10:03,962 [DEBUG] [http-nio-8088-exec-4] com.seed.dao.ArticleDao.getArticleList [BaseJdbcLogger.java : 137] ==>  Preparing: SELECT * FROM `article`
2022-06-23 00:10:03,963 [DEBUG] [http-nio-8088-exec-4] com.seed.dao.ArticleDao.getArticleList [BaseJdbcLogger.java : 137] ==> Parameters: 
2022-06-23 00:10:03,967 [DEBUG] [http-nio-8088-exec-4] com.seed.dao.ArticleDao.getArticleList [BaseJdbcLogger.java : 137] <==      Total: 2
2022-06-23 00:10:03,970 [DEBUG] [http-nio-8088-exec-4] com.seed.dao.ArticleDao [LoggingCache.java : 60] Cache Hit Ratio [com.seed.dao.ArticleDao]: 0.0
2022-06-23 00:10:03,970 [DEBUG] [http-nio-8088-exec-4] com.seed.dao.ArticleDao.getAllArticleKind [BaseJdbcLogger.java : 137] ==>  Preparing: select * from article_kind where iseffective=1;
2022-06-23 00:10:03,971 [DEBUG] [http-nio-8088-exec-4] com.seed.dao.ArticleDao.getAllArticleKind [BaseJdbcLogger.java : 137] ==> Parameters: 
2022-06-23 00:10:03,974 [DEBUG] [http-nio-8088-exec-4] com.seed.dao.ArticleDao.getAllArticleKind [BaseJdbcLogger.java : 137] <==      Total: 5
2022-06-23 00:10:03,977 [DEBUG] [http-nio-8088-exec-4] com.seed.dao.UserDao [LoggingCache.java : 60] Cache Hit Ratio [com.seed.dao.UserDao]: 0.0
2022-06-23 00:10:03,977 [DEBUG] [http-nio-8088-exec-4] com.seed.dao.UserDao.userGetById [BaseJdbcLogger.java : 137] ==>  Preparing: select * from user where uid = ?;
2022-06-23 00:10:03,978 [DEBUG] [http-nio-8088-exec-4] com.seed.dao.UserDao.userGetById [BaseJdbcLogger.java : 137] ==> Parameters: 10000(String)
2022-06-23 00:10:03,980 [DEBUG] [http-nio-8088-exec-4] com.seed.dao.UserDao.userGetById [BaseJdbcLogger.java : 137] <==      Total: 1
2022-06-23 00:10:28,815 [INFO] [SpringApplicationShutdownHook] com.alibaba.druid.pool.DruidDataSource [DruidDataSource.java : 2071] {dataSource-1} closing ...
2022-06-23 00:10:28,821 [INFO] [SpringApplicationShutdownHook] com.alibaba.druid.pool.DruidDataSource [DruidDataSource.java : 2144] {dataSource-1} closed
2022-06-23 00:10:37,355 [INFO] [main] com.seed.SeedApplication [StartupInfoLogger.java : 55] Starting SeedApplication using Java 1.8.0_311 on DESKTOP-310QJ1V with PID 24928 (D:\Project\ideaProject\seed\target\classes started by 34424 in D:\Project\ideaProject\seed)
2022-06-23 00:10:37,359 [INFO] [main] com.seed.SeedApplication [SpringApplication.java : 663] The following profiles are active: test
2022-06-23 00:10:38,288 [INFO] [main] o.s.data.repository.config.RepositoryConfigurationDelegate [RepositoryConfigurationDelegate.java : 262] Multiple Spring Data modules found, entering strict repository configuration mode!
2022-06-23 00:10:38,291 [INFO] [main] o.s.data.repository.config.RepositoryConfigurationDelegate [RepositoryConfigurationDelegate.java : 132] Bootstrapping Spring Data Redis repositories in DEFAULT mode.
2022-06-23 00:10:38,324 [INFO] [main] o.s.data.repository.config.RepositoryConfigurationDelegate [RepositoryConfigurationDelegate.java : 201] Finished Spring Data repository scanning in 11 ms. Found 0 Redis repository interfaces.
2022-06-23 00:10:39,028 [INFO] [main] org.springframework.boot.web.embedded.tomcat.TomcatWebServer [TomcatWebServer.java : 108] Tomcat initialized with port(s): 8088 (http)
2022-06-23 00:10:39,044 [INFO] [main] org.apache.catalina.core.StandardService [DirectJDKLog.java : 173] Starting service [Tomcat]
2022-06-23 00:10:39,044 [INFO] [main] org.apache.catalina.core.StandardEngine [DirectJDKLog.java : 173] Starting Servlet engine: [Apache Tomcat/9.0.52]
2022-06-23 00:10:39,216 [INFO] [main] o.a.catalina.core.ContainerBase.[Tomcat].[localhost].[/] [DirectJDKLog.java : 173] Initializing Spring embedded WebApplicationContext
2022-06-23 00:10:39,217 [INFO] [main] o.s.b.web.servlet.context.ServletWebServerApplicationContext [ServletWebServerApplicationContext.java : 290] Root WebApplicationContext: initialization completed in 1783 ms
2022-06-23 00:10:39,391 [INFO] [main] c.a.d.spring.boot.autoconfigure.DruidDataSourceAutoConfigure [DruidDataSourceAutoConfigure.java : 56] Init DruidDataSource
2022-06-23 00:10:39,502 [INFO] [main] com.alibaba.druid.pool.DruidDataSource [DruidDataSource.java : 998] {dataSource-1} inited
2022-06-23 00:10:39,980 [INFO] [main] o.s.boot.autoconfigure.web.servlet.WelcomePageHandlerMapping [WelcomePageHandlerMapping.java : 57] Adding welcome page template: index
2022-06-23 00:10:40,009 [WARN] [main] o.s.web.servlet.resource.ResourceHttpRequestHandler [ResourceHttpRequestHandler.java : 392] Locations list is empty. No resources will be served unless a custom ResourceResolver is configured as an alternative to PathResourceResolver.
2022-06-23 00:10:40,638 [INFO] [main] org.springframework.boot.web.embedded.tomcat.TomcatWebServer [TomcatWebServer.java : 220] Tomcat started on port(s): 8088 (http) with context path ''
2022-06-23 00:10:40,659 [INFO] [main] com.seed.SeedApplication [StartupInfoLogger.java : 61] Started SeedApplication in 4.226 seconds (JVM running for 6.312)
2022-06-23 00:10:40,705 [INFO] [http-nio-8088-exec-1] o.a.catalina.core.ContainerBase.[Tomcat].[localhost].[/] [DirectJDKLog.java : 173] Initializing Spring DispatcherServlet 'dispatcherServlet'
2022-06-23 00:10:40,706 [INFO] [http-nio-8088-exec-1] org.springframework.web.servlet.DispatcherServlet [FrameworkServlet.java : 525] Initializing Servlet 'dispatcherServlet'
2022-06-23 00:10:40,707 [INFO] [http-nio-8088-exec-1] org.springframework.web.servlet.DispatcherServlet [FrameworkServlet.java : 547] Completed initialization in 1 ms
2022-06-23 00:10:51,216 [DEBUG] [http-nio-8088-exec-3] com.seed.dao.UserDao [LoggingCache.java : 60] Cache Hit Ratio [com.seed.dao.UserDao]: 0.0
2022-06-23 00:10:51,330 [DEBUG] [http-nio-8088-exec-3] com.seed.dao.UserDao.userLogin [BaseJdbcLogger.java : 137] ==>  Preparing: select * from user where name = ? and password = ?;
2022-06-23 00:10:51,352 [DEBUG] [http-nio-8088-exec-3] com.seed.dao.UserDao.userLogin [BaseJdbcLogger.java : 137] ==> Parameters: 万叶(String), WY20030125(String)
2022-06-23 00:10:51,378 [DEBUG] [http-nio-8088-exec-3] com.seed.dao.UserDao.userLogin [BaseJdbcLogger.java : 137] <==      Total: 1
2022-06-23 00:10:52,650 [DEBUG] [http-nio-8088-exec-4] com.seed.dao.ArticleDao [LoggingCache.java : 60] Cache Hit Ratio [com.seed.dao.ArticleDao]: 0.0
2022-06-23 00:10:52,651 [DEBUG] [http-nio-8088-exec-4] com.seed.dao.ArticleDao.getArticleList [BaseJdbcLogger.java : 137] ==>  Preparing: SELECT * FROM `article`
2022-06-23 00:10:52,652 [DEBUG] [http-nio-8088-exec-4] com.seed.dao.ArticleDao.getArticleList [BaseJdbcLogger.java : 137] ==> Parameters: 
2022-06-23 00:10:52,656 [DEBUG] [http-nio-8088-exec-4] com.seed.dao.ArticleDao.getArticleList [BaseJdbcLogger.java : 137] <==      Total: 2
2022-06-23 00:10:52,659 [DEBUG] [http-nio-8088-exec-4] com.seed.dao.ArticleDao [LoggingCache.java : 60] Cache Hit Ratio [com.seed.dao.ArticleDao]: 0.0
2022-06-23 00:10:52,660 [DEBUG] [http-nio-8088-exec-4] com.seed.dao.ArticleDao.getAllArticleKind [BaseJdbcLogger.java : 137] ==>  Preparing: select * from article_kind where iseffective=1;
2022-06-23 00:10:52,662 [DEBUG] [http-nio-8088-exec-4] com.seed.dao.ArticleDao.getAllArticleKind [BaseJdbcLogger.java : 137] ==> Parameters: 
2022-06-23 00:10:52,665 [DEBUG] [http-nio-8088-exec-4] com.seed.dao.ArticleDao.getAllArticleKind [BaseJdbcLogger.java : 137] <==      Total: 5
2022-06-23 00:10:52,667 [DEBUG] [http-nio-8088-exec-4] com.seed.dao.UserDao [LoggingCache.java : 60] Cache Hit Ratio [com.seed.dao.UserDao]: 0.0
2022-06-23 00:10:52,667 [DEBUG] [http-nio-8088-exec-4] com.seed.dao.UserDao.userGetById [BaseJdbcLogger.java : 137] ==>  Preparing: select * from user where uid = ?;
2022-06-23 00:10:52,668 [DEBUG] [http-nio-8088-exec-4] com.seed.dao.UserDao.userGetById [BaseJdbcLogger.java : 137] ==> Parameters: 10000(String)
2022-06-23 00:10:52,671 [DEBUG] [http-nio-8088-exec-4] com.seed.dao.UserDao.userGetById [BaseJdbcLogger.java : 137] <==      Total: 1
2022-06-23 00:11:34,423 [DEBUG] [http-nio-8088-exec-5] com.seed.dao.ArticleDao [LoggingCache.java : 60] Cache Hit Ratio [com.seed.dao.ArticleDao]: 0.3333333333333333
2022-06-23 00:11:34,424 [DEBUG] [http-nio-8088-exec-5] com.seed.dao.ArticleDao [LoggingCache.java : 60] Cache Hit Ratio [com.seed.dao.ArticleDao]: 0.5
2022-06-23 00:11:34,426 [DEBUG] [http-nio-8088-exec-5] com.seed.dao.UserDao [LoggingCache.java : 60] Cache Hit Ratio [com.seed.dao.UserDao]: 0.3333333333333333
2022-06-23 00:11:39,305 [INFO] [SpringApplicationShutdownHook] com.alibaba.druid.pool.DruidDataSource [DruidDataSource.java : 2071] {dataSource-1} closing ...
2022-06-23 00:11:39,311 [INFO] [SpringApplicationShutdownHook] com.alibaba.druid.pool.DruidDataSource [DruidDataSource.java : 2144] {dataSource-1} closed
